[debug] [2021-06-15T02:30:01.215Z] ----------------------------------------------------------------------
[debug] [2021-06-15T02:30:01.217Z] Command:       /usr/local/bin/firebase /home/shankar/.cache/firebase/tools/lib/node_modules/firebase-tools/lib/bin/firebase init
[debug] [2021-06-15T02:30:01.217Z] CLI Version:   9.12.1
[debug] [2021-06-15T02:30:01.217Z] Platform:      linux
[debug] [2021-06-15T02:30:01.217Z] Node Version:  v12.18.1
[debug] [2021-06-15T02:30:01.217Z] Time:          Tue Jun 15 2021 08:00:01 GMT+0530 (India Standard Time)
[debug] [2021-06-15T02:30:01.218Z] ----------------------------------------------------------------------
[debug] 
[debug] [2021-06-15T02:30:01.221Z] > command requires scopes: ["email","openid","https://www.googleapis.com/auth/cloudplatformprojects.readonly","https://www.googleapis.com/auth/firebase","https://www.googleapis.com/auth/cloud-platform"]
[debug] [2021-06-15T02:30:01.221Z] > authorizing via signed-in user (spirelabiisc@gmail.com)
[info] 
     ######## #### ########  ######## ########     ###     ######  ########
     ##        ##  ##     ## ##       ##     ##  ##   ##  ##       ##
     ######    ##  ########  ######   ########  #########  ######  ######
     ##        ##  ##    ##  ##       ##     ## ##     ##       ## ##
     ##       #### ##     ## ######## ########  ##     ##  ######  ########

You're about to initialize a Firebase project in this directory:

  /home/shankar/Projects/spire_vcv_website

[info] 
=== Project Setup
[info] 
[info] First, let's associate this project directory with a Firebase project.
[info] You can create multiple project aliases by running firebase use --add, 
[info] but for now we'll just set up a default project.
[info] 
[debug] [2021-06-15T02:30:24.157Z] >>> [apiv2][query] GET https://firebase.googleapis.com/v1beta1/projects pageSize=100
[debug] [2021-06-15T02:30:24.870Z] <<< [apiv2][status] GET https://firebase.googleapis.com/v1beta1/projects 200
[debug] [2021-06-15T02:30:24.870Z] <<< [apiv2][body] GET https://firebase.googleapis.com/v1beta1/projects [omitted]
[info] i  Using project spire-vcv (spire-vcv) 
[info] 
=== Database Setup
[info] i  database: ensuring required API firebasedatabase.googleapis.com is enabled... 
[debug] [2021-06-15T02:30:27.863Z] > refreshing access token with scopes: ["email","https://www.googleapis.com/auth/cloud-platform","https://www.googleapis.com/auth/cloudplatformprojects.readonly","https://www.googleapis.com/auth/firebase","openid"]
[debug] [2021-06-15T02:30:27.863Z] >>> HTTP REQUEST POST https://www.googleapis.com/oauth2/v3/token  
 <request body omitted>
[debug] [2021-06-15T02:30:27.997Z] <<< HTTP RESPONSE 200 {"expires":"Mon, 01 Jan 1990 00:00:00 GMT","cache-control":"no-cache, no-store, max-age=0, must-revalidate","pragma":"no-cache","date":"Tue, 15 Jun 2021 02:30:28 GMT","content-type":"application/json; charset=utf-8","vary":"X-Origin, Referer, Origin,Accept-Encoding","server":"scaffolding on HTTPServer2","x-xss-protection":"0","x-frame-options":"SAMEORIGIN","x-content-type-options":"nosniff","alt-svc":"h3=\":443\"; ma=2592000,h3-29=\":443\"; ma=2592000,h3-T051=\":443\"; ma=2592000,h3-Q050=\":443\"; ma=2592000,h3-Q046=\":443\"; ma=2592000,h3-Q043=\":443\"; ma=2592000,quic=\":443\"; ma=2592000; v=\"46,43\"","accept-ranges":"none","transfer-encoding":"chunked"}
[debug] [2021-06-15T02:30:28.073Z] >>> HTTP REQUEST GET https://serviceusage.googleapis.com/v1/projects/spire-vcv/services/firebasedatabase.googleapis.com  
 
[debug] [2021-06-15T02:30:29.630Z] <<< HTTP RESPONSE 200 {"content-type":"application/json; charset=UTF-8","vary":"X-Origin, Referer, Origin,Accept-Encoding","date":"Tue, 15 Jun 2021 02:30:29 GMT","server":"ESF","cache-control":"private","x-xss-protection":"0","x-frame-options":"SAMEORIGIN","x-content-type-options":"nosniff","alt-svc":"h3=\":443\"; ma=2592000,h3-29=\":443\"; ma=2592000,h3-T051=\":443\"; ma=2592000,h3-Q050=\":443\"; ma=2592000,h3-Q046=\":443\"; ma=2592000,h3-Q043=\":443\"; ma=2592000,quic=\":443\"; ma=2592000; v=\"46,43\"","accept-ranges":"none","transfer-encoding":"chunked"}
[warn] ⚠  database: missing required API firebasedatabase.googleapis.com. Enabling now... 
[debug] [2021-06-15T02:30:29.631Z] >>> HTTP REQUEST POST https://serviceusage.googleapis.com/v1/projects/spire-vcv/services/firebasedatabase.googleapis.com:enable  
 
[debug] [2021-06-15T02:30:35.109Z] <<< HTTP RESPONSE 200 {"content-type":"application/json; charset=UTF-8","vary":"X-Origin, Referer, Origin,Accept-Encoding","date":"Tue, 15 Jun 2021 02:30:31 GMT","server":"ESF","cache-control":"private","x-xss-protection":"0","x-frame-options":"SAMEORIGIN","x-content-type-options":"nosniff","alt-svc":"h3=\":443\"; ma=2592000,h3-29=\":443\"; ma=2592000,h3-T051=\":443\"; ma=2592000,h3-Q050=\":443\"; ma=2592000,h3-Q046=\":443\"; ma=2592000,h3-Q043=\":443\"; ma=2592000,quic=\":443\"; ma=2592000; v=\"46,43\"","accept-ranges":"none","transfer-encoding":"chunked"}
[debug] [2021-06-15T02:30:45.115Z] >>> HTTP REQUEST GET https://serviceusage.googleapis.com/v1/projects/spire-vcv/services/firebasedatabase.googleapis.com  
 
[debug] [2021-06-15T02:30:46.721Z] <<< HTTP RESPONSE 200 {"content-type":"application/json; charset=UTF-8","vary":"X-Origin, Referer, Origin,Accept-Encoding","date":"Tue, 15 Jun 2021 02:30:46 GMT","server":"ESF","cache-control":"private","x-xss-protection":"0","x-frame-options":"SAMEORIGIN","x-content-type-options":"nosniff","alt-svc":"h3=\":443\"; ma=2592000,h3-29=\":443\"; ma=2592000,h3-T051=\":443\"; ma=2592000,h3-Q050=\":443\"; ma=2592000,h3-Q046=\":443\"; ma=2592000,h3-Q043=\":443\"; ma=2592000,quic=\":443\"; ma=2592000; v=\"46,43\"","accept-ranges":"none","transfer-encoding":"chunked"}
[info] ✔  database: required API firebasedatabase.googleapis.com is enabled 
[info] 
[debug] [2021-06-15T02:30:46.726Z] > refreshing access token with scopes: []
[debug] [2021-06-15T02:30:46.727Z] >>> HTTP REQUEST POST https://www.googleapis.com/oauth2/v3/token  
 <request body omitted>
[debug] [2021-06-15T02:30:46.886Z] <<< HTTP RESPONSE 200 {"pragma":"no-cache","date":"Tue, 15 Jun 2021 02:30:46 GMT","cache-control":"no-cache, no-store, max-age=0, must-revalidate","expires":"Mon, 01 Jan 1990 00:00:00 GMT","content-type":"application/json; charset=utf-8","vary":"X-Origin, Referer, Origin,Accept-Encoding","server":"scaffolding on HTTPServer2","x-xss-protection":"0","x-frame-options":"SAMEORIGIN","x-content-type-options":"nosniff","alt-svc":"h3=\":443\"; ma=2592000,h3-29=\":443\"; ma=2592000,h3-T051=\":443\"; ma=2592000,h3-Q050=\":443\"; ma=2592000,h3-Q046=\":443\"; ma=2592000,h3-Q043=\":443\"; ma=2592000,quic=\":443\"; ma=2592000; v=\"46,43\"","accept-ranges":"none","transfer-encoding":"chunked"}
[debug] [2021-06-15T02:30:46.958Z] >>> [apiv2][query] GET https://firebase.googleapis.com/v1beta1/projects/spire-vcv [none]
[debug] [2021-06-15T02:30:47.316Z] <<< [apiv2][status] GET https://firebase.googleapis.com/v1beta1/projects/spire-vcv 200
[debug] [2021-06-15T02:30:47.317Z] <<< [apiv2][body] GET https://firebase.googleapis.com/v1beta1/projects/spire-vcv {"projectId":"spire-vcv","projectNumber":"548573987846","displayName":"spire-vcv","name":"projects/spire-vcv","resources":{"hostingSite":"spire-vcv"},"state":"ACTIVE"}
[debug] [2021-06-15T02:30:56.126Z] > refreshing access token with scopes: ["email","https://www.googleapis.com/auth/cloud-platform","https://www.googleapis.com/auth/cloudplatformprojects.readonly","https://www.googleapis.com/auth/firebase","openid"]
[debug] [2021-06-15T02:30:56.127Z] >>> HTTP REQUEST POST https://www.googleapis.com/oauth2/v3/token  
 <request body omitted>
[debug] [2021-06-15T02:30:56.234Z] <<< HTTP RESPONSE 200 {"date":"Tue, 15 Jun 2021 02:30:56 GMT","pragma":"no-cache","cache-control":"no-cache, no-store, max-age=0, must-revalidate","expires":"Mon, 01 Jan 1990 00:00:00 GMT","content-type":"application/json; charset=utf-8","vary":"X-Origin, Referer, Origin,Accept-Encoding","server":"scaffolding on HTTPServer2","x-xss-protection":"0","x-frame-options":"SAMEORIGIN","x-content-type-options":"nosniff","alt-svc":"h3=\":443\"; ma=2592000,h3-29=\":443\"; ma=2592000,h3-T051=\":443\"; ma=2592000,h3-Q050=\":443\"; ma=2592000,h3-Q046=\":443\"; ma=2592000,h3-Q043=\":443\"; ma=2592000,quic=\":443\"; ma=2592000; v=\"46,43\"","accept-ranges":"none","transfer-encoding":"chunked"}
[debug] [2021-06-15T02:30:56.306Z] >>> HTTP REQUEST POST https://firebasedatabase.googleapis.com/v1beta/projects/spire-vcv/locations/us-central1/instances?databaseId=spire-vcv-default-rtdb&validateOnly=true  
 {"type":"default_database"}
[debug] [2021-06-15T02:30:57.707Z] <<< HTTP RESPONSE 200 {"content-type":"application/json; charset=UTF-8","vary":"X-Origin, Referer, Origin,Accept-Encoding","date":"Tue, 15 Jun 2021 02:30:57 GMT","server":"ESF","cache-control":"private","x-xss-protection":"0","x-frame-options":"SAMEORIGIN","x-content-type-options":"nosniff","alt-svc":"h3=\":443\"; ma=2592000,h3-29=\":443\"; ma=2592000,h3-T051=\":443\"; ma=2592000,h3-Q050=\":443\"; ma=2592000,h3-Q046=\":443\"; ma=2592000,h3-Q043=\":443\"; ma=2592000,quic=\":443\"; ma=2592000; v=\"46,43\"","accept-ranges":"none","transfer-encoding":"chunked"}
[debug] [2021-06-15T02:30:57.711Z] >>> HTTP REQUEST POST https://firebasedatabase.googleapis.com/v1beta/projects/spire-vcv/locations/us-central1/instances?databaseId=spire-vcv-default-rtdb  
 {"type":"default_database"}
[debug] [2021-06-15T02:31:00.201Z] <<< HTTP RESPONSE 200 {"content-type":"application/json; charset=UTF-8","vary":"X-Origin, Referer, Origin,Accept-Encoding","date":"Tue, 15 Jun 2021 02:31:00 GMT","server":"ESF","cache-control":"private","x-xss-protection":"0","x-frame-options":"SAMEORIGIN","x-content-type-options":"nosniff","alt-svc":"h3=\":443\"; ma=2592000,h3-29=\":443\"; ma=2592000,h3-T051=\":443\"; ma=2592000,h3-Q050=\":443\"; ma=2592000,h3-Q046=\":443\"; ma=2592000,h3-Q043=\":443\"; ma=2592000,quic=\":443\"; ma=2592000; v=\"46,43\"","accept-ranges":"none","transfer-encoding":"chunked"}
[info] 
[info] Firebase Realtime Database Security Rules allow you to define how your data should be
[info] structured and when your data can be read from and written to.
[info] 
[debug] [2021-06-15T02:31:09.544Z] >>> HTTP REQUEST GET https://spire-vcv-default-rtdb.firebaseio.com/.settings/rules.json  
 
[debug] [2021-06-15T02:31:10.617Z] <<< HTTP RESPONSE 200 {"server":"nginx","date":"Tue, 15 Jun 2021 02:31:10 GMT","content-type":"application/json; charset=utf-8","content-length":"161","connection":"keep-alive","access-control-allow-origin":"*","cache-control":"no-cache","strict-transport-security":"max-age=31556926; includeSubDomains; preload"}
[info] ✔  Database Rules for spire-vcv-default-rtdb have been written to database.rules.json. 
[info] Future modifications to database.rules.json will update Realtime Database Security Rules when you run
[info] firebase deploy.
[info] 
=== Functions Setup
[info] 
[info] A functions directory will be created in your project with a Node.js
[info] package pre-configured. Functions can be deployed with firebase deploy.
[info] 
[debug] [2021-06-15T02:31:10.625Z] > command requires scopes: ["email","openid","https://www.googleapis.com/auth/cloudplatformprojects.readonly","https://www.googleapis.com/auth/firebase","https://www.googleapis.com/auth/cloud-platform"]
[debug] [2021-06-15T02:31:10.625Z] > authorizing via signed-in user (spirelabiisc@gmail.com)
[debug] [2021-06-15T02:31:10.625Z] [iam] checking project spire-vcv for permissions ["firebase.projects.get"]
[debug] [2021-06-15T02:31:10.625Z] >>> HTTP REQUEST POST https://cloudresourcemanager.googleapis.com/v1/projects/spire-vcv:testIamPermissions  
 {"permissions":["firebase.projects.get"]}
[debug] [2021-06-15T02:31:11.991Z] <<< HTTP RESPONSE 200 {"content-type":"application/json; charset=UTF-8","vary":"X-Origin, Referer, Origin,Accept-Encoding","date":"Tue, 15 Jun 2021 02:31:11 GMT","server":"ESF","cache-control":"private","x-xss-protection":"0","x-frame-options":"SAMEORIGIN","x-content-type-options":"nosniff","server-timing":"gfet4t7; dur=1174","alt-svc":"h3=\":443\"; ma=2592000,h3-29=\":443\"; ma=2592000,h3-T051=\":443\"; ma=2592000,h3-Q050=\":443\"; ma=2592000,h3-Q046=\":443\"; ma=2592000,h3-Q043=\":443\"; ma=2592000,quic=\":443\"; ma=2592000; v=\"46,43\"","accept-ranges":"none","transfer-encoding":"chunked"}
[debug] [2021-06-15T02:31:11.994Z] >>> HTTP REQUEST POST https://serviceusage.googleapis.com/v1/projects/spire-vcv/services/cloudfunctions.googleapis.com:enable  
 
[debug] [2021-06-15T02:31:11.995Z] >>> HTTP REQUEST POST https://serviceusage.googleapis.com/v1/projects/spire-vcv/services/runtimeconfig.googleapis.com:enable  
 
[debug] [2021-06-15T02:31:13.505Z] <<< HTTP RESPONSE 200 {"content-type":"application/json; charset=UTF-8","vary":"X-Origin, Referer, Origin,Accept-Encoding","date":"Tue, 15 Jun 2021 02:31:13 GMT","server":"ESF","cache-control":"private","x-xss-protection":"0","x-frame-options":"SAMEORIGIN","x-content-type-options":"nosniff","alt-svc":"h3=\":443\"; ma=2592000,h3-29=\":443\"; ma=2592000,h3-T051=\":443\"; ma=2592000,h3-Q050=\":443\"; ma=2592000,h3-Q046=\":443\"; ma=2592000,h3-Q043=\":443\"; ma=2592000,quic=\":443\"; ma=2592000; v=\"46,43\"","accept-ranges":"none","transfer-encoding":"chunked"}
[debug] [2021-06-15T02:31:13.761Z] <<< HTTP RESPONSE 200 {"content-type":"application/json; charset=UTF-8","vary":"X-Origin, Referer, Origin,Accept-Encoding","date":"Tue, 15 Jun 2021 02:31:13 GMT","server":"ESF","cache-control":"private","x-xss-protection":"0","x-frame-options":"SAMEORIGIN","x-content-type-options":"nosniff","alt-svc":"h3=\":443\"; ma=2592000,h3-29=\":443\"; ma=2592000,h3-T051=\":443\"; ma=2592000,h3-Q050=\":443\"; ma=2592000,h3-Q046=\":443\"; ma=2592000,h3-Q043=\":443\"; ma=2592000,quic=\":443\"; ma=2592000; v=\"46,43\"","accept-ranges":"none","transfer-encoding":"chunked"}
[info] ✔  Wrote functions/package.json 
[info] ✔  Wrote functions/.eslintrc.js 
[info] ✔  Wrote functions/index.js 
[info] ✔  Wrote functions/.gitignore 
[info] 
[error] NPM install failed, continuing with Firebase initialization...
[info] 
=== Hosting Setup
[info] 
[info] Your public directory is the folder (relative to your project directory) that
[info] will contain Hosting assets to be uploaded with firebase deploy. If you
[info] have a build process for your assets, use your build's output directory.
[info] 
[debug] [2021-06-15T02:34:16.024Z] >>> [apiv2][query] GET https://www.gstatic.com/firebasejs/releases.json [none]
[debug] [2021-06-15T02:34:16.137Z] <<< [apiv2][status] GET https://www.gstatic.com/firebasejs/releases.json 200
[debug] [2021-06-15T02:34:16.137Z] <<< [apiv2][body] GET https://www.gstatic.com/firebasejs/releases.json {"current":{"version":"8.6.7","browserURL":"https://www.gstatic.com/firebasejs/8.6.7/firebase.js","packageURL":"https://www.gstatic.com/firebasejs/8.6.7/firebase.tgz"},"live":{"version":"8.6","browserURL":"https://www.gstatic.com/firebasejs/live/8.6/firebase.js","packageURL":"https://www.gstatic.com/firebasejs/live/8.6/firebase.tgz"},"components":{"analytics":"https://www.gstatic.com/firebasejs/8.6.7/firebase-analytics.js","app":"https://www.gstatic.com/firebasejs/8.6.7/firebase-app.js","app-check":"https://www.gstatic.com/firebasejs/8.6.7/firebase-app-check.js","auth":"https://www.gstatic.com/firebasejs/8.6.7/firebase-auth.js","database":"https://www.gstatic.com/firebasejs/8.6.7/firebase-database.js","firestore":"https://www.gstatic.com/firebasejs/8.6.7/firebase-firestore.js","functions":"https://www.gstatic.com/firebasejs/8.6.7/firebase-functions.js","installations":"https://www.gstatic.com/firebasejs/8.6.7/firebase-installations.js","messaging":"https://www.gstatic.com/firebasejs/8.6.7/firebase-messaging.js","storage":"https://www.gstatic.com/firebasejs/8.6.7/firebase-storage.js","performance":"https://www.gstatic.com/firebasejs/8.6.7/firebase-performance.js","remote-config":"https://www.gstatic.com/firebasejs/8.6.7/firebase-remote-config.js","firestore.memory":"https://www.gstatic.com/firebasejs/8.6.7/firebase-firestore.memory.js"}}
[info] i  Skipping write of build/index.html 
[info] 
[info] i  Didn't detect a .git folder. Assuming /home/shankar/Projects/spire_vcv_website is the project root. 
[info] i  Authorizing with GitHub to upload your service account to a GitHub repository's secrets store. 
[info] 
[info] Visit this URL on this device to log in:
[info] https://github.com/login/oauth/authorize?client_id=89cf50f02ac6aaed3484&state=305464101&redirect_uri=http%3A%2F%2Flocalhost%3A9005&scope=read%3Auser%20repo%20public_repo
[info] 
[info] Waiting for authentication...
[debug] [2021-06-15T02:34:49.240Z] >>> HTTP REQUEST POST https://github.com/login/oauth/access_token  
 {"client_id":"89cf50f02ac6aaed3484","client_secret":"3330d14abc895d9a74d5f17cd7a00711fa2c5bf0","code":"3116a4bb9ced8edf7df2","redirect_uri":"http://localhost:9005","state":"305464101"}
[debug] [2021-06-15T02:34:49.581Z] <<< HTTP RESPONSE 200 {"server":"GitHub.com","date":"Tue, 15 Jun 2021 02:34:49 GMT","content-type":"application/json; charset=utf-8","transfer-encoding":"chunked","vary":"X-PJAX, Accept-Encoding, Accept, X-Requested-With","permissions-policy":"interest-cohort=()","etag":"W/\"d0e46dfd3f084e9a167fc7fd0dc9fbb3\"","cache-control":"max-age=0, private, must-revalidate","strict-transport-security":"max-age=31536000; includeSubdomains; preload","x-frame-options":"deny","x-content-type-options":"nosniff","x-xss-protection":"0","referrer-policy":"origin-when-cross-origin, strict-origin-when-cross-origin","expect-ct":"max-age=2592000, report-uri=\"https://api.github.com/_private/browser/errors\"","content-security-policy":"default-src 'none'; base-uri 'self'; block-all-mixed-content; connect-src 'self' uploads.github.com www.githubstatus.com collector.githubapp.com api.github.com github-cloud.s3.amazonaws.com github-production-repository-file-5c1aeb.s3.amazonaws.com github-production-upload-manifest-file-7fdce7.s3.amazonaws.com github-production-user-asset-6210df.s3.amazonaws.com html-translator.herokuapp.com cdn.optimizely.com logx.optimizely.com/v1/events wss://alive.github.com; font-src github.githubassets.com; form-action 'self' github.com gist.github.com; frame-ancestors 'none'; frame-src render.githubusercontent.com; img-src 'self' data: github.githubassets.com identicons.github.com collector.githubapp.com github-cloud.s3.amazonaws.com secured-user-images.githubusercontent.com/ *.githubusercontent.com; manifest-src 'self'; media-src 'none'; script-src github.githubassets.com; style-src 'unsafe-inline' github.githubassets.com; worker-src github.com/socket-worker-3f088aa2.js gist.github.com/socket-worker-3f088aa2.js","x-github-request-id":"D55B:40C1:F41B1D:10928DC:60C811C9"}
[debug] [2021-06-15T02:34:49.585Z] >>> [apiv2][query] GET https://api.github.com/user [none]
[debug] [2021-06-15T02:34:50.036Z] <<< [apiv2][status] GET https://api.github.com/user 200
[debug] [2021-06-15T02:34:50.036Z] <<< [apiv2][body] GET https://api.github.com/user {"login":"2013A4PS137G","id":13830007,"node_id":"MDQ6VXNlcjEzODMwMDA3","avatar_url":"https://avatars.githubusercontent.com/u/13830007?v=4","gravatar_id":"","url":"https://api.github.com/users/2013A4PS137G","html_url":"https://github.com/2013A4PS137G","followers_url":"https://api.github.com/users/2013A4PS137G/followers","following_url":"https://api.github.com/users/2013A4PS137G/following{/other_user}","gists_url":"https://api.github.com/users/2013A4PS137G/gists{/gist_id}","starred_url":"https://api.github.com/users/2013A4PS137G/starred{/owner}{/repo}","subscriptions_url":"https://api.github.com/users/2013A4PS137G/subscriptions","organizations_url":"https://api.github.com/users/2013A4PS137G/orgs","repos_url":"https://api.github.com/users/2013A4PS137G/repos","events_url":"https://api.github.com/users/2013A4PS137G/events{/privacy}","received_events_url":"https://api.github.com/users/2013A4PS137G/received_events","type":"User","site_admin":false,"name":"Shankar Narayanan","company":null,"blog":"","location":"Bangalore","email":"shajaganbpgc@gmail.com","hireable":true,"bio":"Project Assistant @SPIRE-Lab","twitter_username":null,"public_repos":3,"public_gists":0,"followers":1,"following":4,"created_at":"2015-08-17T08:40:04Z","updated_at":"2021-06-15T02:34:48Z","private_gists":0,"total_private_repos":2,"owned_private_repos":2,"disk_usage":72547,"collaborators":14,"two_factor_authentication":false,"plan":{"name":"free","space":976562499,"collaborators":0,"private_repos":10000}}
[info] 
[info] ✔  Success! Logged into GitHub as 2013A4PS137G 
[info] 
[debug] [2021-06-15T02:35:10.178Z] >>> [apiv2][query] GET https://api.github.com/repos//actions/secrets/public-key type=owner
[debug] [2021-06-15T02:35:11.054Z] <<< [apiv2][status] GET https://api.github.com/repos//actions/secrets/public-key 404
[debug] [2021-06-15T02:35:11.054Z] <<< [apiv2][body] GET https://api.github.com/repos//actions/secrets/public-key {"message":"Not Found","documentation_url":"https://docs.github.com/rest"}
[debug] [2021-06-15T02:35:15.702Z] >>> [apiv2][query] GET https://api.github.com/repos//actions/secrets/public-key type=owner
[debug] [2021-06-15T02:35:16.266Z] <<< [apiv2][status] GET https://api.github.com/repos//actions/secrets/public-key 404
[debug] [2021-06-15T02:35:16.266Z] <<< [apiv2][body] GET https://api.github.com/repos//actions/secrets/public-key {"message":"Not Found","documentation_url":"https://docs.github.com/rest"}
[debug] [2021-06-15T02:35:18.592Z] >>> [apiv2][query] GET https://api.github.com/repos//actions/secrets/public-key type=owner
[debug] [2021-06-15T02:35:18.908Z] <<< [apiv2][status] GET https://api.github.com/repos//actions/secrets/public-key 404
[debug] [2021-06-15T02:35:18.909Z] <<< [apiv2][body] GET https://api.github.com/repos//actions/secrets/public-key {"message":"Not Found","documentation_url":"https://docs.github.com/rest"}
